2025-05-16 21:12:53.066 | INFO     | __main__:create_prefixed_folders_using_list_comprehension:135 - PARAMETERS: folder_list = ['csv', 'excel', 'json'], prefix = output-
2025-05-16 21:12:53.069 | INFO     | __main__:create_folders_periodically:167 - FUNCTION: create_folders_periodically()
2025-05-16 21:12:53.070 | INFO     | __main__:create_folders_periodically:168 - PARAMETER: duration_seconds = 5
2025-05-16 21:12:53.070 | INFO     | __main__:create_folders_periodically:178 - Waiting for 5 seconds before creating next folder
2025-05-16 21:12:58.071 | INFO     | __main__:create_folders_periodically:178 - Waiting for 5 seconds before creating next folder
2025-05-16 21:13:03.075 | INFO     | __main__:create_folders_periodically:178 - Waiting for 5 seconds before creating next folder
2025-05-16 21:13:08.079 | INFO     | __main__:create_folders_periodically:178 - Waiting for 5 seconds before creating next folder
2025-05-16 21:13:13.082 | INFO     | __main__:create_folders_periodically:178 - Waiting for 5 seconds before creating next folder
2025-05-16 21:13:18.087 | INFO     | __main__:create_folders_periodically:178 - Waiting for 5 seconds before creating next folder
2025-05-16 21:14:21.670 | INFO     | __main__:<module>:39 - Logger loaded.
2025-05-16 21:14:21.671 | INFO     | __main__:main:224 - #####################################
2025-05-16 21:14:21.671 | INFO     | __main__:main:225 - # Starting execution of main()
2025-05-16 21:14:21.672 | INFO     | __main__:main:226 - #####################################

2025-05-16 21:14:21.672 | INFO     | __main__:main:228 - Byline: 
---------------------------------------------------------
Regional Hospitals - NICU Analytics
---------------------------------------------------------
Has A Nursery Unit:         True
Years in Operation:         127
Levels Offered:             ['Well-Baby Nursery', 'Special Care Nursery', 'Neonatal Intensive Care Unit', 'Regional Neonatal Intensive Care Unit']
Length of Stay:             [1, 28, 127, 365, 50, 15]
Minimum Length of Stay:     1
Maximum Length of Stay:     365
Mean Length of Stay:        97.67
Standard Deviation of Length of Stay: 138.30

2025-05-16 21:14:21.672 | INFO     | __main__:create_folders_for_range:73 - FUNCTION: create_folders_for_range()
2025-05-16 21:14:21.672 | INFO     | __main__:create_folders_for_range:74 - PARAMETERS: minutes_min = 11, minutes_max = 26
2025-05-16 21:14:21.673 | INFO     | __main__:create_folders_from_list:99 - FUNCTION: create_folders_from_list()
2025-05-16 21:14:21.673 | INFO     | __main__:create_folders_from_list:100 - PARAMETER: folder_list = ['data-csv', 'data-excel', 'data-json']
2025-05-16 21:14:21.674 | INFO     | __main__:create_prefixed_folders_using_list_comprehension:134 - FUNCTION: create_prefixed_folders()
2025-05-16 21:14:21.674 | INFO     | __main__:create_prefixed_folders_using_list_comprehension:135 - PARAMETERS: folder_list = ['csv', 'excel', 'json'], prefix = output-
2025-05-16 21:14:21.674 | INFO     | __main__:create_folders_periodically:167 - FUNCTION: create_folders_periodically()
2025-05-16 21:14:21.674 | INFO     | __main__:create_folders_periodically:168 - PARAMETER: duration_seconds = 5
2025-05-16 21:14:21.674 | INFO     | __main__:create_folders_periodically:178 - Waiting for 5 seconds before creating next folder
2025-05-16 21:14:26.680 | INFO     | __main__:create_folders_periodically:178 - Waiting for 5 seconds before creating next folder
2025-05-16 21:14:31.686 | INFO     | __main__:create_folders_periodically:178 - Waiting for 5 seconds before creating next folder
2025-05-16 21:14:36.690 | INFO     | __main__:create_folders_periodically:178 - Waiting for 5 seconds before creating next folder
2025-05-16 21:14:41.694 | INFO     | __main__:create_folders_periodically:178 - Waiting for 5 seconds before creating next folder
2025-05-16 21:14:46.701 | INFO     | __main__:create_folders_periodically:178 - Waiting for 5 seconds before creating next folder
2025-05-16 21:14:51.703 | INFO     | __main__:create_folders_periodically:178 - Waiting for 5 seconds before creating next folder
